2025-03-29 10:04:28.768 | INFO     | utils.logger:<module>:39 - Logging to file: logs\project_log.log
2025-03-29 10:04:28.770 | INFO     | __main__:main:128 - ==================================
2025-03-29 10:04:28.771 | INFO     | __main__:main:129 - STARTING prepare_customers_data.py
2025-03-29 10:04:28.772 | INFO     | __main__:main:130 - ==================================
2025-03-29 10:04:28.773 | INFO     | __main__:main:132 - Root project folder: C:\Projects\smart-store-aaron
2025-03-29 10:04:28.774 | INFO     | __main__:main:133 - data / raw folder: C:\Projects\smart-store-aaron\data\raw
2025-03-29 10:04:28.778 | INFO     | __main__:main:134 - data / prepared folder: C:\Projects\smart-store-aaron\data\prepared
2025-03-29 10:04:28.779 | INFO     | __main__:main:135 - scripts folder: C:\Projects\smart-store-aaron\scripts
2025-03-29 10:04:28.780 | INFO     | __main__:read_raw_data:32 - FUNCTION START: read_raw_data with file_name=customers_data.csv
2025-03-29 10:04:28.781 | INFO     | __main__:read_raw_data:34 - Reading data from C:\Projects\smart-store-aaron\data\raw\customers_data.csv
2025-03-29 10:04:29.390 | INFO     | __main__:read_raw_data:36 - Loaded dataframe with 11 rows and 6 columns
2025-03-29 10:04:29.392 | INFO     | __main__:main:144 - Initial dataframe columns: CustomerID, Name, Region, JoinDate, MilesFromDepot, City
2025-03-29 10:04:29.392 | INFO     | __main__:main:145 - Initial dataframe shape: (11, 6)
2025-03-29 10:04:29.393 | INFO     | __main__:remove_duplicates:64 - FUNCTION START: remove_duplicates with dataframe shape=(11, 6)
2025-03-29 10:04:29.581 | INFO     | __main__:remove_duplicates:68 - Removed 0 duplicate rows
2025-03-29 10:04:29.582 | INFO     | __main__:remove_duplicates:69 - 11 records remaining after removing duplicates.
2025-03-29 10:04:29.583 | INFO     | __main__:handle_missing_values:83 - FUNCTION START: handle_missing_values with dataframe shape=(11, 6)
2025-03-29 10:04:29.583 | INFO     | __main__:handle_missing_values:87 - Total missing values before handling: 0
2025-03-29 10:04:29.585 | INFO     | __main__:handle_missing_values:96 - Total missing values after handling: 0
2025-03-29 10:04:29.586 | INFO     | __main__:handle_missing_values:97 - 11 records remaining after handling missing values.
2025-03-29 10:04:29.586 | INFO     | __main__:remove_outliers:111 - FUNCTION START: remove_outliers with dataframe shape=(11, 6)
2025-03-29 10:04:29.587 | INFO     | __main__:remove_outliers:119 - Removed 0 outlier rows
2025-03-29 10:04:29.588 | INFO     | __main__:remove_outliers:120 - 11 records remaining after removing outliers.
2025-03-29 10:04:29.588 | INFO     | __main__:save_prepared_data:47 - FUNCTION START: save_prepared_data with file_name=customers_data_prepared.csv, dataframe shape=(11, 6)
2025-03-29 10:04:29.688 | INFO     | __main__:save_prepared_data:50 - Data saved to C:\Projects\smart-store-aaron\data\prepared\customers_data_prepared.csv
2025-03-29 10:04:29.690 | INFO     | __main__:main:168 - ==================================
2025-03-29 10:04:29.690 | INFO     | __main__:main:169 - FINISHED prepare_customers_data.py
2025-03-29 10:04:29.691 | INFO     | __main__:main:170 - ==================================
2025-03-29 10:16:53.434 | INFO     | utils.logger:<module>:39 - Logging to file: logs\project_log.log
2025-03-29 10:16:53.435 | INFO     | __main__:main:227 - ==================================
2025-03-29 10:16:53.436 | INFO     | __main__:main:228 - STARTING prepare_products_data.py
2025-03-29 10:16:53.436 | INFO     | __main__:main:229 - ==================================
2025-03-29 10:16:53.438 | INFO     | __main__:main:231 - Root project folder: C:\Projects\smart-store-aaron
2025-03-29 10:16:53.439 | INFO     | __main__:main:232 - data / raw folder: C:\Projects\smart-store-aaron\data\raw
2025-03-29 10:16:53.439 | INFO     | __main__:main:233 - data / prepared folder: C:\Projects\smart-store-aaron\data\prepared
2025-03-29 10:16:53.440 | INFO     | __main__:read_raw_data:59 - FUNCTION START: read_raw_data with file_name=products_data.csv
2025-03-29 10:16:53.441 | INFO     | __main__:read_raw_data:61 - Reading data from C:\Projects\smart-store-aaron\data\raw\products_data.csv
2025-03-29 10:16:53.500 | INFO     | __main__:read_raw_data:63 - Loaded dataframe with 8 rows and 7 columns
2025-03-29 10:16:53.501 | INFO     | __main__:main:242 - Initial dataframe columns: ProductID, ProductName, Category, UnitPrice, Weight, get, Supplier
2025-03-29 10:16:53.501 | INFO     | __main__:main:243 - Initial dataframe shape: (8, 7)
2025-03-29 10:16:53.503 | INFO     | __main__:main:252 - Cleaned column names: ProductID -> productid, ProductName -> productname, Category -> category, UnitPrice -> unitprice, Weight -> weight, Supplier -> supplier
2025-03-29 10:16:53.504 | INFO     | __main__:remove_duplicates:96 - FUNCTION START: remove_duplicates with dataframe shape=(8, 7)
2025-03-29 10:16:53.512 | INFO     | __main__:remove_duplicates:106 - Removed 0 duplicate rows
2025-03-29 10:16:53.513 | INFO     | __main__:remove_duplicates:107 - 8 records remaining after removing duplicates.
2025-03-29 10:16:53.514 | INFO     | __main__:handle_missing_values:121 - FUNCTION START: handle_missing_values with dataframe shape=(8, 7)
2025-03-29 10:16:53.521 | INFO     | __main__:handle_missing_values:126 - Missing values by column before handling:
productid      0
productname    0
category       0
unitprice      0
weight         0
get            8
supplier       0
dtype: int64
2025-03-29 10:16:53.524 | INFO     | __main__:handle_missing_values:140 - Missing values by column after handling:
productid      0
productname    0
category       0
unitprice      0
weight         0
get            8
supplier       0
dtype: int64
2025-03-29 10:16:53.527 | INFO     | __main__:handle_missing_values:141 - 8 records remaining after handling missing values.
2025-03-29 10:16:53.528 | INFO     | __main__:standardize_formats:188 - FUNCTION START: standardize_formats with dataframe shape=(8, 7)
2025-03-29 10:16:53.530 | INFO     | __main__:standardize_formats:198 - Completed standardizing formats
2025-03-29 10:16:53.535 | INFO     | __main__:remove_outliers:155 - FUNCTION START: remove_outliers with dataframe shape=(8, 7)
2025-03-29 10:16:53.536 | INFO     | __main__:remove_outliers:174 - Removed 0 outlier rows
2025-03-29 10:16:53.538 | INFO     | __main__:remove_outliers:175 - 8 records remaining after removing outliers.
2025-03-29 10:16:53.539 | INFO     | __main__:validate_data:211 - FUNCTION START: validate_data with dataframe shape=(8, 7)
2025-03-29 10:16:53.539 | INFO     | __main__:validate_data:220 - Data validation complete
2025-03-29 10:16:53.540 | INFO     | __main__:save_prepared_data:81 - FUNCTION START: save_prepared_data with file_name=products_data_prepared.csv, dataframe shape=(8, 7)
2025-03-29 10:16:53.545 | INFO     | __main__:save_prepared_data:84 - Data saved to C:\Projects\smart-store-aaron\data\prepared\products_data_prepared.csv
2025-03-29 10:16:53.546 | INFO     | __main__:main:264 - ==================================
2025-03-29 10:16:53.548 | INFO     | __main__:main:265 - FINISHED prepare_products_data.py
2025-03-29 10:16:53.549 | INFO     | __main__:main:266 - ==================================
2025-03-29 10:18:01.000 | INFO     | utils.logger:<module>:39 - Logging to file: logs\project_log.log
2025-03-29 10:18:01.001 | INFO     | __main__:main:163 - ==================================
2025-03-29 10:18:01.002 | INFO     | __main__:main:164 - STARTING prepare_customers_data.py
2025-03-29 10:18:01.002 | INFO     | __main__:main:165 - ==================================
2025-03-29 10:18:01.003 | INFO     | __main__:main:167 - Root project folder: C:\Projects\smart-store-aaron
2025-03-29 10:18:01.003 | INFO     | __main__:main:168 - data / raw folder: C:\Projects\smart-store-aaron\data\raw
2025-03-29 10:18:01.004 | INFO     | __main__:main:169 - data / prepared folder: C:\Projects\smart-store-aaron\data\prepared
2025-03-29 10:18:01.005 | INFO     | __main__:main:170 - scripts folder: C:\Projects\smart-store-aaron\scripts
2025-03-29 10:18:01.006 | INFO     | __main__:read_raw_data:67 - FUNCTION START: read_raw_data with file_name=customers_data.csv
2025-03-29 10:18:01.006 | INFO     | __main__:read_raw_data:69 - Reading data from C:\Projects\smart-store-aaron\data\raw\customers_data.csv
2025-03-29 10:18:01.012 | INFO     | __main__:read_raw_data:71 - Loaded dataframe with 11 rows and 6 columns
2025-03-29 10:18:01.015 | INFO     | __main__:main:179 - Initial dataframe columns: CustomerID, Name, Region, JoinDate, MilesFromDepot, City
2025-03-29 10:18:01.015 | INFO     | __main__:main:180 - Initial dataframe shape: (11, 6)
2025-03-29 10:18:01.016 | INFO     | __main__:remove_duplicates:99 - FUNCTION START: remove_duplicates with dataframe shape=(11, 6)
2025-03-29 10:18:01.018 | INFO     | __main__:remove_duplicates:103 - Removed 0 duplicate rows
2025-03-29 10:18:01.019 | INFO     | __main__:remove_duplicates:104 - 11 records remaining after removing duplicates.
2025-03-29 10:18:01.019 | INFO     | __main__:handle_missing_values:118 - FUNCTION START: handle_missing_values with dataframe shape=(11, 6)
2025-03-29 10:18:01.021 | INFO     | __main__:handle_missing_values:122 - Total missing values before handling: 0
2025-03-29 10:18:01.022 | INFO     | __main__:handle_missing_values:131 - Total missing values after handling: 0
2025-03-29 10:18:01.024 | INFO     | __main__:handle_missing_values:132 - 11 records remaining after handling missing values.
2025-03-29 10:18:01.024 | INFO     | __main__:remove_outliers:146 - FUNCTION START: remove_outliers with dataframe shape=(11, 6)
2025-03-29 10:18:01.025 | INFO     | __main__:remove_outliers:154 - Removed 0 outlier rows
2025-03-29 10:18:01.025 | INFO     | __main__:remove_outliers:155 - 11 records remaining after removing outliers.
2025-03-29 10:18:01.026 | INFO     | __main__:save_prepared_data:82 - FUNCTION START: save_prepared_data with file_name=customers_data_prepared.csv, dataframe shape=(11, 6)
2025-03-29 10:18:01.033 | INFO     | __main__:save_prepared_data:85 - Data saved to C:\Projects\smart-store-aaron\data\prepared\customers_data_prepared.csv
2025-03-29 10:18:01.036 | INFO     | __main__:main:203 - ==================================
2025-03-29 10:18:01.037 | INFO     | __main__:main:204 - FINISHED prepare_customers_data.py
2025-03-29 10:18:01.039 | INFO     | __main__:main:205 - ==================================
2025-03-29 10:18:41.422 | INFO     | utils.logger:<module>:39 - Logging to file: logs\project_log.log
2025-03-29 10:18:41.423 | INFO     | __main__:main:162 - ==================================
2025-03-29 10:18:41.423 | INFO     | __main__:main:163 - STARTING prepare_customers_data.py
2025-03-29 10:18:41.424 | INFO     | __main__:main:164 - ==================================
2025-03-29 10:18:41.424 | INFO     | __main__:main:166 - Root project folder: C:\Projects\smart-store-aaron
2025-03-29 10:18:41.425 | INFO     | __main__:main:167 - data / raw folder: C:\Projects\smart-store-aaron\data\raw
2025-03-29 10:18:41.425 | INFO     | __main__:main:168 - data / prepared folder: C:\Projects\smart-store-aaron\data\prepared
2025-03-29 10:18:41.426 | INFO     | __main__:main:169 - scripts folder: C:\Projects\smart-store-aaron\scripts
2025-03-29 10:18:41.427 | INFO     | __main__:read_raw_data:66 - FUNCTION START: read_raw_data with file_name=customers_data.csv
2025-03-29 10:18:41.427 | INFO     | __main__:read_raw_data:68 - Reading data from C:\Projects\smart-store-aaron\data\raw\customers_data.csv
2025-03-29 10:18:41.436 | INFO     | __main__:read_raw_data:70 - Loaded dataframe with 11 rows and 6 columns
2025-03-29 10:18:41.438 | INFO     | __main__:main:178 - Initial dataframe columns: CustomerID, Name, Region, JoinDate, MilesFromDepot, City
2025-03-29 10:18:41.440 | INFO     | __main__:main:179 - Initial dataframe shape: (11, 6)
2025-03-29 10:18:41.441 | INFO     | __main__:remove_duplicates:98 - FUNCTION START: remove_duplicates with dataframe shape=(11, 6)
2025-03-29 10:18:41.442 | INFO     | __main__:remove_duplicates:102 - Removed 0 duplicate rows
2025-03-29 10:18:41.443 | INFO     | __main__:remove_duplicates:103 - 11 records remaining after removing duplicates.
2025-03-29 10:18:41.445 | INFO     | __main__:handle_missing_values:117 - FUNCTION START: handle_missing_values with dataframe shape=(11, 6)
2025-03-29 10:18:41.447 | INFO     | __main__:handle_missing_values:121 - Total missing values before handling: 0
2025-03-29 10:18:41.448 | INFO     | __main__:handle_missing_values:130 - Total missing values after handling: 0
2025-03-29 10:18:41.448 | INFO     | __main__:handle_missing_values:131 - 11 records remaining after handling missing values.
2025-03-29 10:18:41.449 | INFO     | __main__:remove_outliers:145 - FUNCTION START: remove_outliers with dataframe shape=(11, 6)
2025-03-29 10:18:41.450 | INFO     | __main__:remove_outliers:153 - Removed 0 outlier rows
2025-03-29 10:18:41.451 | INFO     | __main__:remove_outliers:154 - 11 records remaining after removing outliers.
2025-03-29 10:18:41.453 | INFO     | __main__:save_prepared_data:81 - FUNCTION START: save_prepared_data with file_name=customers_data_prepared.csv, dataframe shape=(11, 6)
2025-03-29 10:18:41.457 | INFO     | __main__:save_prepared_data:84 - Data saved to C:\Projects\smart-store-aaron\data\prepared\customers_data_prepared.csv
2025-03-29 10:18:41.457 | INFO     | __main__:main:202 - ==================================
2025-03-29 10:18:41.458 | INFO     | __main__:main:203 - FINISHED prepare_customers_data.py
2025-03-29 10:18:41.459 | INFO     | __main__:main:204 - ==================================
2025-03-29 10:19:05.588 | INFO     | utils.logger:<module>:39 - Logging to file: logs\project_log.log
2025-03-29 10:19:05.589 | INFO     | __main__:main:162 - ==================================
2025-03-29 10:19:05.589 | INFO     | __main__:main:163 - STARTING prepare_customers_data.py
2025-03-29 10:19:05.590 | INFO     | __main__:main:164 - ==================================
2025-03-29 10:19:05.590 | INFO     | __main__:main:166 - Root project folder: C:\Projects\smart-store-aaron
2025-03-29 10:19:05.591 | INFO     | __main__:main:167 - data / raw folder: C:\Projects\smart-store-aaron\data\raw
2025-03-29 10:19:05.591 | INFO     | __main__:main:168 - data / prepared folder: C:\Projects\smart-store-aaron\data\prepared
2025-03-29 10:19:05.592 | INFO     | __main__:main:169 - scripts folder: C:\Projects\smart-store-aaron\scripts
2025-03-29 10:19:05.593 | INFO     | __main__:read_raw_data:66 - FUNCTION START: read_raw_data with file_name=customers_data.csv
2025-03-29 10:19:05.594 | INFO     | __main__:read_raw_data:68 - Reading data from C:\Projects\smart-store-aaron\data\raw\customers_data.csv
2025-03-29 10:19:05.604 | INFO     | __main__:read_raw_data:70 - Loaded dataframe with 11 rows and 6 columns
2025-03-29 10:19:05.605 | INFO     | __main__:main:178 - Initial dataframe columns: CustomerID, Name, Region, JoinDate, MilesFromDepot, City
2025-03-29 10:19:05.605 | INFO     | __main__:main:179 - Initial dataframe shape: (11, 6)
2025-03-29 10:19:05.606 | INFO     | __main__:remove_duplicates:98 - FUNCTION START: remove_duplicates with dataframe shape=(11, 6)
2025-03-29 10:19:05.608 | INFO     | __main__:remove_duplicates:102 - Removed 0 duplicate rows
2025-03-29 10:19:05.609 | INFO     | __main__:remove_duplicates:103 - 11 records remaining after removing duplicates.
2025-03-29 10:19:05.609 | INFO     | __main__:handle_missing_values:117 - FUNCTION START: handle_missing_values with dataframe shape=(11, 6)
2025-03-29 10:19:05.611 | INFO     | __main__:handle_missing_values:121 - Total missing values before handling: 0
2025-03-29 10:19:05.613 | INFO     | __main__:handle_missing_values:130 - Total missing values after handling: 0
2025-03-29 10:19:05.614 | INFO     | __main__:handle_missing_values:131 - 11 records remaining after handling missing values.
2025-03-29 10:19:05.615 | INFO     | __main__:remove_outliers:145 - FUNCTION START: remove_outliers with dataframe shape=(11, 6)
2025-03-29 10:19:05.615 | INFO     | __main__:remove_outliers:153 - Removed 0 outlier rows
2025-03-29 10:19:05.616 | INFO     | __main__:remove_outliers:154 - 11 records remaining after removing outliers.
2025-03-29 10:19:05.616 | INFO     | __main__:save_prepared_data:81 - FUNCTION START: save_prepared_data with file_name=customers_data_prepared.csv, dataframe shape=(11, 6)
2025-03-29 10:19:05.620 | INFO     | __main__:save_prepared_data:84 - Data saved to C:\Projects\smart-store-aaron\data\prepared\customers_data_prepared.csv
2025-03-29 10:19:05.621 | INFO     | __main__:main:202 - ==================================
2025-03-29 10:19:05.622 | INFO     | __main__:main:203 - FINISHED prepare_customers_data.py
2025-03-29 10:19:05.622 | INFO     | __main__:main:204 - ==================================
2025-03-29 10:19:09.625 | INFO     | utils.logger:<module>:39 - Logging to file: logs\project_log.log
2025-03-29 10:19:09.626 | INFO     | __main__:main:227 - ==================================
2025-03-29 10:19:09.626 | INFO     | __main__:main:228 - STARTING prepare_products_data.py
2025-03-29 10:19:09.627 | INFO     | __main__:main:229 - ==================================
2025-03-29 10:19:09.628 | INFO     | __main__:main:231 - Root project folder: C:\Projects\smart-store-aaron
2025-03-29 10:19:09.629 | INFO     | __main__:main:232 - data / raw folder: C:\Projects\smart-store-aaron\data\raw
2025-03-29 10:19:09.630 | INFO     | __main__:main:233 - data / prepared folder: C:\Projects\smart-store-aaron\data\prepared
2025-03-29 10:19:09.631 | INFO     | __main__:read_raw_data:59 - FUNCTION START: read_raw_data with file_name=products_data.csv
2025-03-29 10:19:09.632 | INFO     | __main__:read_raw_data:61 - Reading data from C:\Projects\smart-store-aaron\data\raw\products_data.csv
2025-03-29 10:19:09.640 | INFO     | __main__:read_raw_data:63 - Loaded dataframe with 8 rows and 7 columns
2025-03-29 10:19:09.641 | INFO     | __main__:main:242 - Initial dataframe columns: ProductID, ProductName, Category, UnitPrice, Weight, get, Supplier
2025-03-29 10:19:09.642 | INFO     | __main__:main:243 - Initial dataframe shape: (8, 7)
2025-03-29 10:19:09.645 | INFO     | __main__:main:252 - Cleaned column names: ProductID -> productid, ProductName -> productname, Category -> category, UnitPrice -> unitprice, Weight -> weight, Supplier -> supplier
2025-03-29 10:19:09.646 | INFO     | __main__:remove_duplicates:96 - FUNCTION START: remove_duplicates with dataframe shape=(8, 7)
2025-03-29 10:19:09.649 | INFO     | __main__:remove_duplicates:106 - Removed 0 duplicate rows
2025-03-29 10:19:09.649 | INFO     | __main__:remove_duplicates:107 - 8 records remaining after removing duplicates.
2025-03-29 10:19:09.650 | INFO     | __main__:handle_missing_values:121 - FUNCTION START: handle_missing_values with dataframe shape=(8, 7)
2025-03-29 10:19:09.655 | INFO     | __main__:handle_missing_values:126 - Missing values by column before handling:
productid      0
productname    0
category       0
unitprice      0
weight         0
get            8
supplier       0
dtype: int64
2025-03-29 10:19:09.659 | INFO     | __main__:handle_missing_values:140 - Missing values by column after handling:
productid      0
productname    0
category       0
unitprice      0
weight         0
get            8
supplier       0
dtype: int64
2025-03-29 10:19:09.661 | INFO     | __main__:handle_missing_values:141 - 8 records remaining after handling missing values.
2025-03-29 10:19:09.663 | INFO     | __main__:standardize_formats:188 - FUNCTION START: standardize_formats with dataframe shape=(8, 7)
2025-03-29 10:19:09.665 | INFO     | __main__:standardize_formats:198 - Completed standardizing formats
2025-03-29 10:19:09.666 | INFO     | __main__:remove_outliers:155 - FUNCTION START: remove_outliers with dataframe shape=(8, 7)
2025-03-29 10:19:09.667 | INFO     | __main__:remove_outliers:174 - Removed 0 outlier rows
2025-03-29 10:19:09.668 | INFO     | __main__:remove_outliers:175 - 8 records remaining after removing outliers.
2025-03-29 10:19:09.672 | INFO     | __main__:validate_data:211 - FUNCTION START: validate_data with dataframe shape=(8, 7)
2025-03-29 10:19:09.673 | INFO     | __main__:validate_data:220 - Data validation complete
2025-03-29 10:19:09.673 | INFO     | __main__:save_prepared_data:81 - FUNCTION START: save_prepared_data with file_name=products_data_prepared.csv, dataframe shape=(8, 7)
2025-03-29 10:19:09.677 | INFO     | __main__:save_prepared_data:84 - Data saved to C:\Projects\smart-store-aaron\data\prepared\products_data_prepared.csv
2025-03-29 10:19:09.678 | INFO     | __main__:main:264 - ==================================
2025-03-29 10:19:09.679 | INFO     | __main__:main:265 - FINISHED prepare_products_data.py
2025-03-29 10:19:09.680 | INFO     | __main__:main:266 - ==================================
2025-03-29 10:59:51.913 | INFO     | utils.logger:<module>:39 - Logging to file: logs\project_log.log
2025-03-29 10:59:51.914 | INFO     | __main__:main:215 - ==================================
2025-03-29 10:59:51.914 | INFO     | __main__:main:216 - STARTING prepare_products_data.py
2025-03-29 10:59:51.915 | INFO     | __main__:main:217 - ==================================
2025-03-29 10:59:51.915 | INFO     | __main__:main:219 - Root project folder: C:\Projects\smart-store-aaron
2025-03-29 10:59:51.916 | INFO     | __main__:main:220 - data / raw folder: C:\Projects\smart-store-aaron\data\raw
2025-03-29 10:59:51.916 | INFO     | __main__:main:221 - data / prepared folder: C:\Projects\smart-store-aaron\data\prepared
2025-03-29 10:59:51.917 | INFO     | __main__:read_raw_data:47 - FUNCTION START: read_raw_data with file_name=sales_data.csv
2025-03-29 10:59:51.918 | INFO     | __main__:read_raw_data:49 - Reading data from C:\Projects\smart-store-aaron\data\raw\sales_data.csv
2025-03-29 10:59:51.979 | INFO     | __main__:read_raw_data:51 - Loaded dataframe with 97 rows and 9 columns
2025-03-29 10:59:52.001 | INFO     | __main__:main:230 - Initial dataframe columns: TransactionID, SaleDate, CustomerID, ProductID, StoreID, CampaignID, SaleAmount, ShippingCost, PromotionCode
2025-03-29 10:59:52.005 | INFO     | __main__:main:231 - Initial dataframe shape: (97, 9)
2025-03-29 10:59:52.007 | INFO     | __main__:main:240 - Cleaned column names: TransactionID -> transactionid, SaleDate -> saledate, CustomerID -> customerid, ProductID -> productid, StoreID -> storeid, CampaignID -> campaignid, SaleAmount -> saleamount, ShippingCost -> shippingcost, PromotionCode -> promotioncode
2025-03-29 10:59:52.009 | INFO     | __main__:remove_duplicates:84 - FUNCTION START: remove_duplicates with dataframe shape=(97, 9)
2025-03-29 10:59:52.064 | INFO     | __main__:remove_duplicates:94 - Removed 3 duplicate rows
2025-03-29 10:59:52.066 | INFO     | __main__:remove_duplicates:95 - 94 records remaining after removing duplicates.
2025-03-29 10:59:52.068 | INFO     | __main__:handle_missing_values:109 - FUNCTION START: handle_missing_values with dataframe shape=(94, 9)
2025-03-29 10:59:52.071 | INFO     | __main__:handle_missing_values:114 - Missing values by column before handling:
transactionid    0
saledate         0
customerid       0
productid        0
storeid          0
campaignid       0
saleamount       0
shippingcost     3
promotioncode    1
dtype: int64
2025-03-29 10:59:52.076 | INFO     | __main__:handle_missing_values:128 - Missing values by column after handling:
transactionid    0
saledate         0
customerid       0
productid        0
storeid          0
campaignid       0
saleamount       0
shippingcost     3
promotioncode    1
dtype: int64
2025-03-29 10:59:52.081 | INFO     | __main__:handle_missing_values:129 - 94 records remaining after handling missing values.
2025-03-29 10:59:52.082 | INFO     | __main__:standardize_formats:176 - FUNCTION START: standardize_formats with dataframe shape=(94, 9)
2025-03-29 10:59:52.083 | INFO     | __main__:standardize_formats:186 - Completed standardizing formats
2025-03-29 10:59:52.088 | INFO     | __main__:remove_outliers:143 - FUNCTION START: remove_outliers with dataframe shape=(94, 9)
2025-03-29 10:59:52.090 | INFO     | __main__:remove_outliers:162 - Removed 0 outlier rows
2025-03-29 10:59:52.091 | INFO     | __main__:remove_outliers:163 - 94 records remaining after removing outliers.
2025-03-29 10:59:52.092 | INFO     | __main__:validate_data:199 - FUNCTION START: validate_data with dataframe shape=(94, 9)
2025-03-29 10:59:52.093 | INFO     | __main__:validate_data:208 - Data validation complete
2025-03-29 10:59:52.094 | INFO     | __main__:save_prepared_data:69 - FUNCTION START: save_prepared_data with file_name=sales_data_prepared.csv, dataframe shape=(94, 9)
2025-03-29 10:59:52.134 | INFO     | __main__:save_prepared_data:72 - Data saved to C:\Projects\smart-store-aaron\data\prepared\sales_data_prepared.csv
2025-03-29 10:59:52.135 | INFO     | __main__:main:252 - ==================================
2025-03-29 10:59:52.136 | INFO     | __main__:main:253 - FINISHED sales_products_data.py
2025-03-29 10:59:52.137 | INFO     | __main__:main:254 - ==================================
2025-03-29 11:19:49.633 | INFO     | utils.logger:<module>:39 - Logging to file: logs\project_log.log
2025-03-29 11:19:49.633 | INFO     | __main__:main:144 - ==================================
2025-03-29 11:19:49.634 | INFO     | __main__:main:145 - STARTING prepare_customers_data.py
2025-03-29 11:19:49.634 | INFO     | __main__:main:146 - ==================================
2025-03-29 11:19:49.635 | INFO     | __main__:main:148 - Root project folder: C:\Projects\smart-store-aaron
2025-03-29 11:19:49.635 | INFO     | __main__:main:149 - data / raw folder: C:\Projects\smart-store-aaron\data\raw
2025-03-29 11:19:49.636 | INFO     | __main__:main:150 - data / prepared folder: C:\Projects\smart-store-aaron\data\prepared
2025-03-29 11:19:49.637 | INFO     | __main__:main:151 - scripts folder: C:\Projects\smart-store-aaron\scripts
2025-03-29 11:19:49.638 | INFO     | __main__:read_raw_data:48 - FUNCTION START: read_raw_data with file_name=customers_data.csv
2025-03-29 11:19:49.639 | INFO     | __main__:read_raw_data:50 - Reading data from C:\Projects\smart-store-aaron\data\raw\customers_data.csv
2025-03-29 11:19:49.645 | INFO     | __main__:read_raw_data:52 - Loaded dataframe with 13 rows and 6 columns
2025-03-29 11:19:49.646 | INFO     | __main__:main:160 - Initial dataframe columns: CustomerID, Name, Region, JoinDate, MilesFromDepot, City
2025-03-29 11:19:49.647 | INFO     | __main__:main:161 - Initial dataframe shape: (13, 6)
2025-03-29 11:19:49.649 | INFO     | __main__:remove_duplicates:80 - FUNCTION START: remove_duplicates with dataframe shape=(13, 6)
2025-03-29 11:19:49.651 | INFO     | __main__:remove_duplicates:84 - Removed 2 duplicate rows
2025-03-29 11:19:49.652 | INFO     | __main__:remove_duplicates:85 - 11 records remaining after removing duplicates.
2025-03-29 11:19:49.653 | INFO     | __main__:handle_missing_values:99 - FUNCTION START: handle_missing_values with dataframe shape=(11, 6)
2025-03-29 11:19:49.655 | INFO     | __main__:handle_missing_values:103 - Total missing values before handling: 3
2025-03-29 11:19:49.656 | INFO     | __main__:handle_missing_values:112 - Total missing values after handling: 3
2025-03-29 11:19:49.656 | INFO     | __main__:handle_missing_values:113 - 11 records remaining after handling missing values.
2025-03-29 11:19:49.657 | INFO     | __main__:remove_outliers:127 - FUNCTION START: remove_outliers with dataframe shape=(11, 6)
2025-03-29 11:19:49.658 | INFO     | __main__:remove_outliers:135 - Removed 0 outlier rows
2025-03-29 11:19:49.662 | INFO     | __main__:remove_outliers:136 - 11 records remaining after removing outliers.
2025-03-29 11:19:49.676 | INFO     | __main__:save_prepared_data:63 - FUNCTION START: save_prepared_data with file_name=customers_data_prepared.csv, dataframe shape=(11, 6)
2025-03-29 11:19:49.685 | INFO     | __main__:save_prepared_data:66 - Data saved to C:\Projects\smart-store-aaron\data\prepared\customers_data_prepared.csv
2025-03-29 11:19:49.687 | INFO     | __main__:main:184 - ==================================
2025-03-29 11:19:49.688 | INFO     | __main__:main:185 - FINISHED prepare_customers_data.py
2025-03-29 11:19:49.690 | INFO     | __main__:main:186 - ==================================
2025-03-29 11:20:28.294 | INFO     | utils.logger:<module>:39 - Logging to file: logs\project_log.log
2025-03-29 11:20:28.295 | INFO     | __main__:main:215 - ==================================
2025-03-29 11:20:28.296 | INFO     | __main__:main:216 - STARTING prepare_products_data.py
2025-03-29 11:20:28.296 | INFO     | __main__:main:217 - ==================================
2025-03-29 11:20:28.297 | INFO     | __main__:main:219 - Root project folder: C:\Projects\smart-store-aaron
2025-03-29 11:20:28.298 | INFO     | __main__:main:220 - data / raw folder: C:\Projects\smart-store-aaron\data\raw
2025-03-29 11:20:28.300 | INFO     | __main__:main:221 - data / prepared folder: C:\Projects\smart-store-aaron\data\prepared
2025-03-29 11:20:28.302 | INFO     | __main__:read_raw_data:47 - FUNCTION START: read_raw_data with file_name=sales_data.csv
2025-03-29 11:20:28.303 | INFO     | __main__:read_raw_data:49 - Reading data from C:\Projects\smart-store-aaron\data\raw\sales_data.csv
2025-03-29 11:20:28.311 | INFO     | __main__:read_raw_data:51 - Loaded dataframe with 97 rows and 9 columns
2025-03-29 11:20:28.313 | INFO     | __main__:main:230 - Initial dataframe columns: TransactionID, SaleDate, CustomerID, ProductID, StoreID, CampaignID, SaleAmount, ShippingCost, PromotionCode
2025-03-29 11:20:28.314 | INFO     | __main__:main:231 - Initial dataframe shape: (97, 9)
2025-03-29 11:20:28.315 | INFO     | __main__:main:240 - Cleaned column names: TransactionID -> transactionid, SaleDate -> saledate, CustomerID -> customerid, ProductID -> productid, StoreID -> storeid, CampaignID -> campaignid, SaleAmount -> saleamount, ShippingCost -> shippingcost, PromotionCode -> promotioncode
2025-03-29 11:20:28.316 | INFO     | __main__:remove_duplicates:84 - FUNCTION START: remove_duplicates with dataframe shape=(97, 9)
2025-03-29 11:20:28.319 | INFO     | __main__:remove_duplicates:94 - Removed 3 duplicate rows
2025-03-29 11:20:28.321 | INFO     | __main__:remove_duplicates:95 - 94 records remaining after removing duplicates.
2025-03-29 11:20:28.323 | INFO     | __main__:handle_missing_values:109 - FUNCTION START: handle_missing_values with dataframe shape=(94, 9)
2025-03-29 11:20:28.325 | INFO     | __main__:handle_missing_values:114 - Missing values by column before handling:
transactionid    0
saledate         0
customerid       0
productid        0
storeid          0
campaignid       0
saleamount       0
shippingcost     3
promotioncode    1
dtype: int64
2025-03-29 11:20:28.329 | INFO     | __main__:handle_missing_values:128 - Missing values by column after handling:
transactionid    0
saledate         0
customerid       0
productid        0
storeid          0
campaignid       0
saleamount       0
shippingcost     3
promotioncode    1
dtype: int64
2025-03-29 11:20:28.332 | INFO     | __main__:handle_missing_values:129 - 94 records remaining after handling missing values.
2025-03-29 11:20:28.336 | INFO     | __main__:standardize_formats:176 - FUNCTION START: standardize_formats with dataframe shape=(94, 9)
2025-03-29 11:20:28.337 | INFO     | __main__:standardize_formats:186 - Completed standardizing formats
2025-03-29 11:20:28.338 | INFO     | __main__:remove_outliers:143 - FUNCTION START: remove_outliers with dataframe shape=(94, 9)
2025-03-29 11:20:28.339 | INFO     | __main__:remove_outliers:162 - Removed 0 outlier rows
2025-03-29 11:20:28.339 | INFO     | __main__:remove_outliers:163 - 94 records remaining after removing outliers.
2025-03-29 11:20:28.340 | INFO     | __main__:validate_data:199 - FUNCTION START: validate_data with dataframe shape=(94, 9)
2025-03-29 11:20:28.342 | INFO     | __main__:validate_data:208 - Data validation complete
2025-03-29 11:20:28.345 | INFO     | __main__:save_prepared_data:69 - FUNCTION START: save_prepared_data with file_name=sales_data_prepared.csv, dataframe shape=(94, 9)
2025-03-29 11:20:28.349 | INFO     | __main__:save_prepared_data:72 - Data saved to C:\Projects\smart-store-aaron\data\prepared\sales_data_prepared.csv
2025-03-29 11:20:28.351 | INFO     | __main__:main:252 - ==================================
2025-03-29 11:20:28.351 | INFO     | __main__:main:253 - FINISHED sales_products_data.py
2025-03-29 11:20:28.352 | INFO     | __main__:main:254 - ==================================
2025-03-29 11:20:58.050 | INFO     | utils.logger:<module>:39 - Logging to file: logs\project_log.log
2025-03-29 11:20:58.051 | INFO     | __main__:main:215 - ==================================
2025-03-29 11:20:58.052 | INFO     | __main__:main:216 - STARTING prepare_products_data.py
2025-03-29 11:20:58.052 | INFO     | __main__:main:217 - ==================================
2025-03-29 11:20:58.053 | INFO     | __main__:main:219 - Root project folder: C:\Projects\smart-store-aaron
2025-03-29 11:20:58.053 | INFO     | __main__:main:220 - data / raw folder: C:\Projects\smart-store-aaron\data\raw
2025-03-29 11:20:58.054 | INFO     | __main__:main:221 - data / prepared folder: C:\Projects\smart-store-aaron\data\prepared
2025-03-29 11:20:58.054 | INFO     | __main__:read_raw_data:47 - FUNCTION START: read_raw_data with file_name=products_data.csv
2025-03-29 11:20:58.055 | INFO     | __main__:read_raw_data:49 - Reading data from C:\Projects\smart-store-aaron\data\raw\products_data.csv
2025-03-29 11:20:58.062 | INFO     | __main__:read_raw_data:51 - Loaded dataframe with 10 rows and 6 columns
2025-03-29 11:20:58.063 | INFO     | __main__:main:230 - Initial dataframe columns: ProductID, ProductName, Category, UnitPrice, Weight, Supplier
2025-03-29 11:20:58.065 | INFO     | __main__:main:231 - Initial dataframe shape: (10, 6)
2025-03-29 11:20:58.067 | INFO     | __main__:main:240 - Cleaned column names: ProductID -> productid, ProductName -> productname, Category -> category, UnitPrice -> unitprice, Weight -> weight, Supplier -> supplier
2025-03-29 11:20:58.070 | INFO     | __main__:remove_duplicates:84 - FUNCTION START: remove_duplicates with dataframe shape=(10, 6)
2025-03-29 11:20:58.075 | INFO     | __main__:remove_duplicates:94 - Removed 2 duplicate rows
2025-03-29 11:20:58.076 | INFO     | __main__:remove_duplicates:95 - 8 records remaining after removing duplicates.
2025-03-29 11:20:58.081 | INFO     | __main__:handle_missing_values:109 - FUNCTION START: handle_missing_values with dataframe shape=(8, 6)
2025-03-29 11:20:58.085 | INFO     | __main__:handle_missing_values:114 - Missing values by column before handling:
productid      0
productname    0
category       0
unitprice      0
weight         0
supplier       0
dtype: int64
2025-03-29 11:20:58.092 | INFO     | __main__:handle_missing_values:128 - Missing values by column after handling:
productid      0
productname    0
category       0
unitprice      0
weight         0
supplier       0
dtype: int64
2025-03-29 11:20:58.101 | INFO     | __main__:handle_missing_values:129 - 8 records remaining after handling missing values.
2025-03-29 11:20:58.103 | INFO     | __main__:standardize_formats:176 - FUNCTION START: standardize_formats with dataframe shape=(8, 6)
2025-03-29 11:20:58.104 | INFO     | __main__:standardize_formats:186 - Completed standardizing formats
2025-03-29 11:20:58.105 | INFO     | __main__:remove_outliers:143 - FUNCTION START: remove_outliers with dataframe shape=(8, 6)
2025-03-29 11:20:58.106 | INFO     | __main__:remove_outliers:162 - Removed 0 outlier rows
2025-03-29 11:20:58.107 | INFO     | __main__:remove_outliers:163 - 8 records remaining after removing outliers.
2025-03-29 11:20:58.108 | INFO     | __main__:validate_data:199 - FUNCTION START: validate_data with dataframe shape=(8, 6)
2025-03-29 11:20:58.109 | INFO     | __main__:validate_data:208 - Data validation complete
2025-03-29 11:20:58.113 | INFO     | __main__:save_prepared_data:69 - FUNCTION START: save_prepared_data with file_name=products_data_prepared.csv, dataframe shape=(8, 6)
2025-03-29 11:20:58.117 | INFO     | __main__:save_prepared_data:72 - Data saved to C:\Projects\smart-store-aaron\data\prepared\products_data_prepared.csv
2025-03-29 11:20:58.118 | INFO     | __main__:main:252 - ==================================
2025-03-29 11:20:58.119 | INFO     | __main__:main:253 - FINISHED prepare_products_data.py
2025-03-29 11:20:58.121 | INFO     | __main__:main:254 - ==================================
2025-03-29 11:24:02.858 | INFO     | utils.logger:<module>:39 - Logging to file: logs\project_log.log
2025-03-29 11:24:02.859 | INFO     | __main__:main:215 - ==================================
2025-03-29 11:24:02.860 | INFO     | __main__:main:216 - STARTING prepare_products_data.py
2025-03-29 11:24:02.860 | INFO     | __main__:main:217 - ==================================
2025-03-29 11:24:02.861 | INFO     | __main__:main:219 - Root project folder: C:\Projects\smart-store-aaron
2025-03-29 11:24:02.861 | INFO     | __main__:main:220 - data / raw folder: C:\Projects\smart-store-aaron\data\raw
2025-03-29 11:24:02.862 | INFO     | __main__:main:221 - data / prepared folder: C:\Projects\smart-store-aaron\data\prepared
2025-03-29 11:24:02.863 | INFO     | __main__:read_raw_data:47 - FUNCTION START: read_raw_data with file_name=products_data.csv
2025-03-29 11:24:02.865 | INFO     | __main__:read_raw_data:49 - Reading data from C:\Projects\smart-store-aaron\data\raw\products_data.csv
2025-03-29 11:24:02.875 | INFO     | __main__:read_raw_data:51 - Loaded dataframe with 10 rows and 6 columns
2025-03-29 11:24:02.876 | INFO     | __main__:main:230 - Initial dataframe columns: ProductID, ProductName, Category, UnitPrice, Weight, Supplier
2025-03-29 11:24:02.877 | INFO     | __main__:main:231 - Initial dataframe shape: (10, 6)
2025-03-29 11:24:02.878 | INFO     | __main__:main:240 - Cleaned column names: ProductID -> productid, ProductName -> productname, Category -> category, UnitPrice -> unitprice, Weight -> weight, Supplier -> supplier
2025-03-29 11:24:02.879 | INFO     | __main__:remove_duplicates:84 - FUNCTION START: remove_duplicates with dataframe shape=(10, 6)
2025-03-29 11:24:02.881 | INFO     | __main__:remove_duplicates:94 - Removed 2 duplicate rows
2025-03-29 11:24:02.882 | INFO     | __main__:remove_duplicates:95 - 8 records remaining after removing duplicates.
2025-03-29 11:24:02.883 | INFO     | __main__:handle_missing_values:109 - FUNCTION START: handle_missing_values with dataframe shape=(8, 6)
2025-03-29 11:24:02.887 | INFO     | __main__:handle_missing_values:114 - Missing values by column before handling:
productid      0
productname    0
category       0
unitprice      0
weight         1
supplier       1
dtype: int64
2025-03-29 11:24:02.890 | INFO     | __main__:handle_missing_values:128 - Missing values by column after handling:
productid      0
productname    0
category       0
unitprice      0
weight         1
supplier       1
dtype: int64
2025-03-29 11:24:02.892 | INFO     | __main__:handle_missing_values:129 - 8 records remaining after handling missing values.
2025-03-29 11:24:02.892 | INFO     | __main__:standardize_formats:176 - FUNCTION START: standardize_formats with dataframe shape=(8, 6)
2025-03-29 11:24:02.894 | INFO     | __main__:standardize_formats:186 - Completed standardizing formats
2025-03-29 11:24:02.896 | INFO     | __main__:remove_outliers:143 - FUNCTION START: remove_outliers with dataframe shape=(8, 6)
2025-03-29 11:24:02.898 | INFO     | __main__:remove_outliers:162 - Removed 0 outlier rows
2025-03-29 11:24:02.900 | INFO     | __main__:remove_outliers:163 - 8 records remaining after removing outliers.
2025-03-29 11:24:02.901 | INFO     | __main__:validate_data:199 - FUNCTION START: validate_data with dataframe shape=(8, 6)
2025-03-29 11:24:02.903 | INFO     | __main__:validate_data:208 - Data validation complete
2025-03-29 11:24:02.906 | INFO     | __main__:save_prepared_data:69 - FUNCTION START: save_prepared_data with file_name=products_data_prepared.csv, dataframe shape=(8, 6)
2025-03-29 11:24:02.912 | INFO     | __main__:save_prepared_data:72 - Data saved to C:\Projects\smart-store-aaron\data\prepared\products_data_prepared.csv
2025-03-29 11:24:02.913 | INFO     | __main__:main:252 - ==================================
2025-03-29 11:24:02.913 | INFO     | __main__:main:253 - FINISHED prepare_products_data.py
2025-03-29 11:24:02.914 | INFO     | __main__:main:254 - ==================================
2025-03-29 11:26:13.422 | INFO     | utils.logger:<module>:39 - Logging to file: logs\project_log.log
2025-03-29 11:26:13.423 | INFO     | __main__:main:144 - ==================================
2025-03-29 11:26:13.424 | INFO     | __main__:main:145 - STARTING prepare_customers_data.py
2025-03-29 11:26:13.424 | INFO     | __main__:main:146 - ==================================
2025-03-29 11:26:13.425 | INFO     | __main__:main:148 - Root project folder: C:\Projects\smart-store-aaron
2025-03-29 11:26:13.426 | INFO     | __main__:main:149 - data / raw folder: C:\Projects\smart-store-aaron\data\raw
2025-03-29 11:26:13.427 | INFO     | __main__:main:150 - data / prepared folder: C:\Projects\smart-store-aaron\data\prepared
2025-03-29 11:26:13.437 | INFO     | __main__:main:151 - scripts folder: C:\Projects\smart-store-aaron\scripts
2025-03-29 11:26:13.438 | INFO     | __main__:read_raw_data:48 - FUNCTION START: read_raw_data with file_name=customers_data.csv
2025-03-29 11:26:13.440 | INFO     | __main__:read_raw_data:50 - Reading data from C:\Projects\smart-store-aaron\data\raw\customers_data.csv
2025-03-29 11:26:13.457 | INFO     | __main__:read_raw_data:52 - Loaded dataframe with 13 rows and 6 columns
2025-03-29 11:26:13.458 | INFO     | __main__:main:160 - Initial dataframe columns: CustomerID, Name, Region, JoinDate, MilesFromDepot, City
2025-03-29 11:26:13.459 | INFO     | __main__:main:161 - Initial dataframe shape: (13, 6)
2025-03-29 11:26:13.460 | INFO     | __main__:remove_duplicates:80 - FUNCTION START: remove_duplicates with dataframe shape=(13, 6)
2025-03-29 11:26:13.475 | INFO     | __main__:remove_duplicates:84 - Removed 2 duplicate rows
2025-03-29 11:26:13.476 | INFO     | __main__:remove_duplicates:85 - 11 records remaining after removing duplicates.
2025-03-29 11:26:13.480 | INFO     | __main__:handle_missing_values:99 - FUNCTION START: handle_missing_values with dataframe shape=(11, 6)
2025-03-29 11:26:13.485 | INFO     | __main__:handle_missing_values:103 - Total missing values before handling: 3
2025-03-29 11:26:13.488 | INFO     | __main__:handle_missing_values:112 - Total missing values after handling: 3
2025-03-29 11:26:13.491 | INFO     | __main__:handle_missing_values:113 - 11 records remaining after handling missing values.
2025-03-29 11:26:13.492 | INFO     | __main__:remove_outliers:127 - FUNCTION START: remove_outliers with dataframe shape=(11, 6)
2025-03-29 11:26:13.498 | INFO     | __main__:remove_outliers:135 - Removed 0 outlier rows
2025-03-29 11:26:13.507 | INFO     | __main__:remove_outliers:136 - 11 records remaining after removing outliers.
2025-03-29 11:26:13.508 | INFO     | __main__:save_prepared_data:63 - FUNCTION START: save_prepared_data with file_name=customers_data_prepared.csv, dataframe shape=(11, 6)
2025-03-29 11:26:13.517 | INFO     | __main__:save_prepared_data:66 - Data saved to C:\Projects\smart-store-aaron\data\prepared\customers_data_prepared.csv
2025-03-29 11:26:13.518 | INFO     | __main__:main:184 - ==================================
2025-03-29 11:26:13.519 | INFO     | __main__:main:185 - FINISHED prepare_customers_data.py
2025-03-29 11:26:13.519 | INFO     | __main__:main:186 - ==================================
2025-03-29 11:26:20.067 | INFO     | utils.logger:<module>:39 - Logging to file: logs\project_log.log
2025-03-29 11:26:20.068 | INFO     | __main__:main:215 - ==================================
2025-03-29 11:26:20.069 | INFO     | __main__:main:216 - STARTING prepare_products_data.py
2025-03-29 11:26:20.069 | INFO     | __main__:main:217 - ==================================
2025-03-29 11:26:20.070 | INFO     | __main__:main:219 - Root project folder: C:\Projects\smart-store-aaron
2025-03-29 11:26:20.071 | INFO     | __main__:main:220 - data / raw folder: C:\Projects\smart-store-aaron\data\raw
2025-03-29 11:26:20.072 | INFO     | __main__:main:221 - data / prepared folder: C:\Projects\smart-store-aaron\data\prepared
2025-03-29 11:26:20.072 | INFO     | __main__:read_raw_data:47 - FUNCTION START: read_raw_data with file_name=products_data.csv
2025-03-29 11:26:20.073 | INFO     | __main__:read_raw_data:49 - Reading data from C:\Projects\smart-store-aaron\data\raw\products_data.csv
2025-03-29 11:26:20.079 | INFO     | __main__:read_raw_data:51 - Loaded dataframe with 10 rows and 6 columns
2025-03-29 11:26:20.082 | INFO     | __main__:main:230 - Initial dataframe columns: ProductID, ProductName, Category, UnitPrice, Weight, Supplier
2025-03-29 11:26:20.082 | INFO     | __main__:main:231 - Initial dataframe shape: (10, 6)
2025-03-29 11:26:20.084 | INFO     | __main__:main:240 - Cleaned column names: ProductID -> productid, ProductName -> productname, Category -> category, UnitPrice -> unitprice, Weight -> weight, Supplier -> supplier
2025-03-29 11:26:20.084 | INFO     | __main__:remove_duplicates:84 - FUNCTION START: remove_duplicates with dataframe shape=(10, 6)
2025-03-29 11:26:20.087 | INFO     | __main__:remove_duplicates:94 - Removed 2 duplicate rows
2025-03-29 11:26:20.087 | INFO     | __main__:remove_duplicates:95 - 8 records remaining after removing duplicates.
2025-03-29 11:26:20.088 | INFO     | __main__:handle_missing_values:109 - FUNCTION START: handle_missing_values with dataframe shape=(8, 6)
2025-03-29 11:26:20.090 | INFO     | __main__:handle_missing_values:114 - Missing values by column before handling:
productid      0
productname    0
category       0
unitprice      0
weight         1
supplier       1
dtype: int64
2025-03-29 11:26:20.092 | INFO     | __main__:handle_missing_values:128 - Missing values by column after handling:
productid      0
productname    0
category       0
unitprice      0
weight         1
supplier       1
dtype: int64
2025-03-29 11:26:20.096 | INFO     | __main__:handle_missing_values:129 - 8 records remaining after handling missing values.
2025-03-29 11:26:20.097 | INFO     | __main__:standardize_formats:176 - FUNCTION START: standardize_formats with dataframe shape=(8, 6)
2025-03-29 11:26:20.098 | INFO     | __main__:standardize_formats:186 - Completed standardizing formats
2025-03-29 11:26:20.099 | INFO     | __main__:remove_outliers:143 - FUNCTION START: remove_outliers with dataframe shape=(8, 6)
2025-03-29 11:26:20.100 | INFO     | __main__:remove_outliers:162 - Removed 0 outlier rows
2025-03-29 11:26:20.101 | INFO     | __main__:remove_outliers:163 - 8 records remaining after removing outliers.
2025-03-29 11:26:20.102 | INFO     | __main__:validate_data:199 - FUNCTION START: validate_data with dataframe shape=(8, 6)
2025-03-29 11:26:20.103 | INFO     | __main__:validate_data:208 - Data validation complete
2025-03-29 11:26:20.104 | INFO     | __main__:save_prepared_data:69 - FUNCTION START: save_prepared_data with file_name=products_data_prepared.csv, dataframe shape=(8, 6)
2025-03-29 11:26:20.108 | INFO     | __main__:save_prepared_data:72 - Data saved to C:\Projects\smart-store-aaron\data\prepared\products_data_prepared.csv
2025-03-29 11:26:20.108 | INFO     | __main__:main:252 - ==================================
2025-03-29 11:26:20.109 | INFO     | __main__:main:253 - FINISHED prepare_products_data.py
2025-03-29 11:26:20.110 | INFO     | __main__:main:254 - ==================================
2025-03-29 11:26:24.326 | INFO     | utils.logger:<module>:39 - Logging to file: logs\project_log.log
2025-03-29 11:26:24.327 | INFO     | __main__:main:215 - ==================================
2025-03-29 11:26:24.328 | INFO     | __main__:main:216 - STARTING prepare_products_data.py
2025-03-29 11:26:24.328 | INFO     | __main__:main:217 - ==================================
2025-03-29 11:26:24.329 | INFO     | __main__:main:219 - Root project folder: C:\Projects\smart-store-aaron
2025-03-29 11:26:24.330 | INFO     | __main__:main:220 - data / raw folder: C:\Projects\smart-store-aaron\data\raw
2025-03-29 11:26:24.331 | INFO     | __main__:main:221 - data / prepared folder: C:\Projects\smart-store-aaron\data\prepared
2025-03-29 11:26:24.332 | INFO     | __main__:read_raw_data:47 - FUNCTION START: read_raw_data with file_name=sales_data.csv
2025-03-29 11:26:24.333 | INFO     | __main__:read_raw_data:49 - Reading data from C:\Projects\smart-store-aaron\data\raw\sales_data.csv
2025-03-29 11:26:24.339 | INFO     | __main__:read_raw_data:51 - Loaded dataframe with 97 rows and 9 columns
2025-03-29 11:26:24.342 | INFO     | __main__:main:230 - Initial dataframe columns: TransactionID, SaleDate, CustomerID, ProductID, StoreID, CampaignID, SaleAmount, ShippingCost, PromotionCode
2025-03-29 11:26:24.343 | INFO     | __main__:main:231 - Initial dataframe shape: (97, 9)
2025-03-29 11:26:24.345 | INFO     | __main__:main:240 - Cleaned column names: TransactionID -> transactionid, SaleDate -> saledate, CustomerID -> customerid, ProductID -> productid, StoreID -> storeid, CampaignID -> campaignid, SaleAmount -> saleamount, ShippingCost -> shippingcost, PromotionCode -> promotioncode
2025-03-29 11:26:24.346 | INFO     | __main__:remove_duplicates:84 - FUNCTION START: remove_duplicates with dataframe shape=(97, 9)
2025-03-29 11:26:24.349 | INFO     | __main__:remove_duplicates:94 - Removed 3 duplicate rows
2025-03-29 11:26:24.350 | INFO     | __main__:remove_duplicates:95 - 94 records remaining after removing duplicates.
2025-03-29 11:26:24.350 | INFO     | __main__:handle_missing_values:109 - FUNCTION START: handle_missing_values with dataframe shape=(94, 9)
2025-03-29 11:26:24.354 | INFO     | __main__:handle_missing_values:114 - Missing values by column before handling:
transactionid    0
saledate         0
customerid       0
productid        0
storeid          0
campaignid       0
saleamount       0
shippingcost     3
promotioncode    1
dtype: int64
2025-03-29 11:26:24.357 | INFO     | __main__:handle_missing_values:128 - Missing values by column after handling:
transactionid    0
saledate         0
customerid       0
productid        0
storeid          0
campaignid       0
saleamount       0
shippingcost     3
promotioncode    1
dtype: int64
2025-03-29 11:26:24.359 | INFO     | __main__:handle_missing_values:129 - 94 records remaining after handling missing values.
2025-03-29 11:26:24.360 | INFO     | __main__:standardize_formats:176 - FUNCTION START: standardize_formats with dataframe shape=(94, 9)
2025-03-29 11:26:24.361 | INFO     | __main__:standardize_formats:186 - Completed standardizing formats
2025-03-29 11:26:24.362 | INFO     | __main__:remove_outliers:143 - FUNCTION START: remove_outliers with dataframe shape=(94, 9)
2025-03-29 11:26:24.363 | INFO     | __main__:remove_outliers:162 - Removed 0 outlier rows
2025-03-29 11:26:24.364 | INFO     | __main__:remove_outliers:163 - 94 records remaining after removing outliers.
2025-03-29 11:26:24.368 | INFO     | __main__:validate_data:199 - FUNCTION START: validate_data with dataframe shape=(94, 9)
2025-03-29 11:26:24.369 | INFO     | __main__:validate_data:208 - Data validation complete
2025-03-29 11:26:24.370 | INFO     | __main__:save_prepared_data:69 - FUNCTION START: save_prepared_data with file_name=sales_data_prepared.csv, dataframe shape=(94, 9)
2025-03-29 11:26:24.376 | INFO     | __main__:save_prepared_data:72 - Data saved to C:\Projects\smart-store-aaron\data\prepared\sales_data_prepared.csv
2025-03-29 11:26:24.378 | INFO     | __main__:main:252 - ==================================
2025-03-29 11:26:24.379 | INFO     | __main__:main:253 - FINISHED sales_products_data.py
2025-03-29 11:26:24.380 | INFO     | __main__:main:254 - ==================================
2025-03-29 11:31:34.824 | INFO     | utils.logger:<module>:39 - Logging to file: logs\project_log.log
2025-03-29 11:31:34.824 | INFO     | __main__:main:215 - ==================================
2025-03-29 11:31:34.825 | INFO     | __main__:main:216 - STARTING prepare_products_data.py
2025-03-29 11:31:34.826 | INFO     | __main__:main:217 - ==================================
2025-03-29 11:31:34.826 | INFO     | __main__:main:219 - Root project folder: C:\Projects\smart-store-aaron
2025-03-29 11:31:34.827 | INFO     | __main__:main:220 - data / raw folder: C:\Projects\smart-store-aaron\data\raw
2025-03-29 11:31:34.828 | INFO     | __main__:main:221 - data / prepared folder: C:\Projects\smart-store-aaron\data\prepared
2025-03-29 11:31:34.829 | INFO     | __main__:read_raw_data:47 - FUNCTION START: read_raw_data with file_name=sales_data.csv
2025-03-29 11:31:34.830 | INFO     | __main__:read_raw_data:49 - Reading data from C:\Projects\smart-store-aaron\data\raw\sales_data.csv
2025-03-29 11:31:34.842 | INFO     | __main__:read_raw_data:51 - Loaded dataframe with 97 rows and 9 columns
2025-03-29 11:31:34.843 | INFO     | __main__:main:230 - Initial dataframe columns: TransactionID, SaleDate, CustomerID, ProductID, StoreID, CampaignID, SaleAmount, Shipping Cost, PromotionCode
2025-03-29 11:31:34.844 | INFO     | __main__:main:231 - Initial dataframe shape: (97, 9)
2025-03-29 11:31:34.847 | INFO     | __main__:main:240 - Cleaned column names: TransactionID -> transactionid, SaleDate -> saledate, CustomerID -> customerid, ProductID -> productid, StoreID -> storeid, CampaignID -> campaignid, SaleAmount -> saleamount, Shipping Cost -> shipping_cost, PromotionCode -> promotioncode
2025-03-29 11:31:34.848 | INFO     | __main__:remove_duplicates:84 - FUNCTION START: remove_duplicates with dataframe shape=(97, 9)
2025-03-29 11:31:34.852 | INFO     | __main__:remove_duplicates:94 - Removed 3 duplicate rows
2025-03-29 11:31:34.855 | INFO     | __main__:remove_duplicates:95 - 94 records remaining after removing duplicates.
2025-03-29 11:31:34.856 | INFO     | __main__:handle_missing_values:109 - FUNCTION START: handle_missing_values with dataframe shape=(94, 9)
2025-03-29 11:31:34.857 | INFO     | __main__:handle_missing_values:114 - Missing values by column before handling:
transactionid    0
saledate         0
customerid       0
productid        0
storeid          0
campaignid       0
saleamount       0
shipping_cost    3
promotioncode    1
dtype: int64
2025-03-29 11:31:34.861 | INFO     | __main__:handle_missing_values:128 - Missing values by column after handling:
transactionid    0
saledate         0
customerid       0
productid        0
storeid          0
campaignid       0
saleamount       0
shipping_cost    3
promotioncode    1
dtype: int64
2025-03-29 11:31:34.865 | INFO     | __main__:handle_missing_values:129 - 94 records remaining after handling missing values.
2025-03-29 11:31:34.866 | INFO     | __main__:standardize_formats:176 - FUNCTION START: standardize_formats with dataframe shape=(94, 9)
2025-03-29 11:31:34.867 | INFO     | __main__:standardize_formats:186 - Completed standardizing formats
2025-03-29 11:31:34.868 | INFO     | __main__:remove_outliers:143 - FUNCTION START: remove_outliers with dataframe shape=(94, 9)
2025-03-29 11:31:34.874 | INFO     | __main__:remove_outliers:162 - Removed 0 outlier rows
2025-03-29 11:31:34.875 | INFO     | __main__:remove_outliers:163 - 94 records remaining after removing outliers.
2025-03-29 11:31:34.875 | INFO     | __main__:validate_data:199 - FUNCTION START: validate_data with dataframe shape=(94, 9)
2025-03-29 11:31:34.876 | INFO     | __main__:validate_data:208 - Data validation complete
2025-03-29 11:31:34.877 | INFO     | __main__:save_prepared_data:69 - FUNCTION START: save_prepared_data with file_name=sales_data_prepared.csv, dataframe shape=(94, 9)
2025-03-29 11:31:34.883 | INFO     | __main__:save_prepared_data:72 - Data saved to C:\Projects\smart-store-aaron\data\prepared\sales_data_prepared.csv
2025-03-29 11:31:34.884 | INFO     | __main__:main:252 - ==================================
2025-03-29 11:31:34.887 | INFO     | __main__:main:253 - FINISHED sales_products_data.py
2025-03-29 11:31:34.888 | INFO     | __main__:main:254 - ==================================
