2025-03-17 18:46:49.927 | INFO     | utils.logger:<module>:39 - Logging to file: logs\project_log.log
2025-03-17 18:46:49.928 | INFO     | __main__:main:41 - Starting data preparation...
2025-03-17 18:46:49.929 | INFO     | __main__:read_raw_data:26 - Reading raw data from C:\Projects\smart-store-aaron\data\raw\customers_data.csv.
2025-03-17 18:46:50.173 | INFO     | __main__:read_raw_data:26 - Reading raw data from C:\Projects\smart-store-aaron\data\raw\products_data.csv.
2025-03-17 18:46:50.184 | INFO     | __main__:read_raw_data:26 - Reading raw data from C:\Projects\smart-store-aaron\data\raw\sales_data.csv.
2025-03-17 18:46:50.246 | INFO     | __main__:main:45 - Data preparation complete.
2025-03-19 20:06:29.030 | INFO     | utils.logger:<module>:39 - Logging to file: logs\project_log.log
2025-03-19 20:06:29.064 | INFO     | __main__:main:59 - ======================
2025-03-19 20:06:29.064 | INFO     | __main__:main:60 - STARTING data_prep.py
2025-03-19 20:06:29.065 | INFO     | __main__:main:61 - ======================
2025-03-19 20:06:29.066 | INFO     | __main__:main:63 - ========================
2025-03-19 20:06:29.066 | INFO     | __main__:main:64 - Starting CUSTOMERS prep
2025-03-19 20:06:29.067 | INFO     | __main__:main:65 - ========================
2025-03-19 20:25:07.520 | INFO     | utils.logger:<module>:39 - Logging to file: logs\project_log.log
2025-03-19 20:25:07.532 | INFO     | __main__:main:59 - ======================
2025-03-19 20:25:07.532 | INFO     | __main__:main:60 - STARTING data_prep.py
2025-03-19 20:25:07.532 | INFO     | __main__:main:61 - ======================
2025-03-19 20:25:07.533 | INFO     | __main__:main:63 - ========================
2025-03-19 20:25:07.533 | INFO     | __main__:main:64 - Starting CUSTOMERS prep
2025-03-19 20:25:07.533 | INFO     | __main__:main:65 - ========================
2025-03-19 20:25:07.583 | INFO     | __main__:save_prepared_data:55 - Data saved to C:\Projects\smart-store-aaron\data\prepared\customers_data_prepared.csv
2025-03-19 20:25:07.585 | INFO     | __main__:main:85 - ========================
2025-03-19 20:25:07.585 | INFO     | __main__:main:86 - Starting PRODUCTS prep
2025-03-19 20:25:07.586 | INFO     | __main__:main:87 - ========================
2025-03-19 20:25:07.667 | INFO     | __main__:save_prepared_data:55 - Data saved to C:\Projects\smart-store-aaron\data\prepared\products_data_prepared.csv
2025-03-19 20:25:07.668 | INFO     | __main__:main:103 - ========================
2025-03-19 20:25:07.668 | INFO     | __main__:main:104 - Starting SALES prep
2025-03-19 20:25:07.668 | INFO     | __main__:main:105 - ========================
2025-03-19 20:25:07.767 | INFO     | __main__:save_prepared_data:55 - Data saved to C:\Projects\smart-store-aaron\data\prepared\sales_data_prepared.csv
2025-03-19 20:25:07.768 | INFO     | __main__:main:124 - ======================
2025-03-19 20:25:07.769 | INFO     | __main__:main:125 - FINISHED data_prep.py
2025-03-19 20:25:07.769 | INFO     | __main__:main:126 - ======================
